<?xml version="1.0" encoding="UTF-8"?>
<con:testCase id="ffd221b0-8f41-44df-be1b-517758a0b3aa" discardOkResults="false" failOnError="false" failTestCaseOnErrors="true" keepSession="false" name="Test Case 2-N-RetrieveAirports-bad-brand, blank-brand" searchProperties="true" timeout="0" xmlns:con="http://eviware.com/soapui/config"><con:settings><con:setting id="ffd221b0-8f41-44df-be1b-517758a0b3aafileName">Test-Case-2-N-RetrieveAirports-bad-brand%2C-blank-brand</con:setting></con:settings><con:testStep type="restrequest" name="cruiseSearch" id="44f204de-b6fa-4729-a298-f95109633bf8">
    <con:settings/>
    <con:config service="Cruise Search" methodName="cruiseSearch" resourcePath="/esl/search/rest/cruiseSearch" xsi:type="con:RestRequestStep" xmlns:xsi="http://www.w3.org/2001/XMLSchema-instance">
      <con:restRequest name="cruiseSearch" id="4b83a4b3-3cb3-4dac-ab4a-9f8353f23135" mediaType="application/json">
        <con:settings>
          <con:setting id="com.eviware.soapui.impl.wsdl.WsdlRequest@request-headers">&lt;xml-fragment/></con:setting>
        </con:settings>
        <con:encoding>UTF-8</con:encoding>
        <con:request/>
        <con:originalUri>http://eslaservicestst01.rccl.com/esl/search/rest/cruiseSearch</con:originalUri>
        <con:assertion type="Valid HTTP Status Codes" id="aeea0b73-a636-43f8-9e7e-592c253cb5c6" name="Valid HTTP Status Codes">
          <con:settings/>
          <con:configuration>
            <codes>200</codes>
          </con:configuration>
        </con:assertion>
        <con:assertion type="GroovyScriptAssertion" id="970f9f2a-b98c-4157-a7d0-bdb110cadbb3" name="Script Assertion">
          <con:configuration>
            <scriptText>def xmlRes = messageExchange.getResponse().contentAsString
def xmlSlurper = new groovy.xml.XmlSlurper();
def parse = xmlSlurper.parseText(xmlRes)
log.info parse


def totalHits = (parse.resultsSummary.totalHits.text()).toInteger()
log.info totalHits
assert totalHits!=0</scriptText>
          </con:configuration>
        </con:assertion>
        <con:credentials>
          <con:selectedAuthProfile>No Authorization</con:selectedAuthProfile>
          <con:authType>No Authorization</con:authType>
        </con:credentials>
        <con:jmsConfig JMSDeliveryMode="PERSISTENT"/>
        <con:parameters><con:entry key="qualifiers.qualifierScope" value="SEARCH_AND_PRICE"/><con:entry key="header.language" value="en_us"/><con:entry key="criteria.brand.value" value="R"/><con:entry key="header.application" value="royalcaribbean.com"/><con:entry key="resultsPreference.includeOnlyIfPriceAvailable" value="true"/><con:entry key="criteria.channel" value="VP"/><con:entry key="qualifiers.offersType.strictPricingFlag" value="true"/><con:entry key="qualifiers.priceScope" value="REQUESTED_AVAILABLE"/><con:entry key="resultsPreference.includeResults" value="true"/><con:entry key="criteria.currency" value="USD"/><con:entry key="resultsPreference.strictSearch" value="true"/><con:entry key="criteria.ship.value" value="${#Global#royalShip}"/><con:entry key="resultsPreference.priceLevel.bestPricedCategory" value="true"/><con:entry key="criteria.sailingDate.dateRange.from" value="${#Global#dateRangeFrom}"/><con:entry key="criteria.sailingDate.date" value=""/><con:entry key="resultsPreference.sortOrder" value="DESCENDING"/><con:entry key="resultsPreference.includePrices" value="true"/><con:entry key="resultsPreference.groupBy" value="PACKAGE"/><con:entry key="criteria.bookingType" value="FIT"/><con:entry key="resultsPreference.pagination.count" value="100"/><con:entry key="header.domainId" value="1"/><con:entry key="criteria.occupancy.adult" value="2"/><con:entry key="resultsPreference.sortBy" value="DURATION"/><con:entry key="criteria.sailingDate.dateRange.to" value="${#Global#dateRangeTo}"/></con:parameters>
        <con:parameterOrder>
          <con:entry>criteria.channel</con:entry>
          <con:entry>criteria.bookingType</con:entry>
          <con:entry>header.domainId</con:entry>
          <con:entry>header.language</con:entry>
          <con:entry>header.application</con:entry>
          <con:entry>criteria.brand.value</con:entry>
          <con:entry>criteria.ship.value</con:entry>
          <con:entry>criteria.cruiseType.value</con:entry>
          <con:entry>criteria.office</con:entry>
          <con:entry>criteria.country</con:entry>
          <con:entry>criteria.currency</con:entry>
          <con:entry>criteria.occupancy.adult</con:entry>
          <con:entry>resultsPreference.pagination.offset</con:entry>
          <con:entry>resultsPreference.pagination.count</con:entry>
          <con:entry>resultsPreference.strictSearch</con:entry>
          <con:entry>resultsPreference.sortBy</con:entry>
          <con:entry>resultsPreference.sortOrder</con:entry>
          <con:entry>resultsPreference.groupBy</con:entry>
          <con:entry>resultsPreference.includeResults</con:entry>
          <con:entry>resultsPreference.includeOnlyIfPriceAvailable</con:entry>
          <con:entry>resultsPreference.priceLevel.bestPricedCategory</con:entry>
          <con:entry>resultsPreference.includePrices</con:entry>
          <con:entry>qualifiers.priceScope</con:entry>
          <con:entry>qualifiers.qualifierScope</con:entry>
          <con:entry>qualifiers.offersType.strictPricingFlag</con:entry>
          <con:entry>qualifiers.itineraryGroup.value</con:entry>
          <con:entry>criteria.sailingDate.dateRange.from</con:entry>
          <con:entry>criteria.sailingDate.dateRange.to</con:entry>
          <con:entry>criteria.sailingDate.date</con:entry>
        </con:parameterOrder>
        <con:environmentSpec>
          <con:entry environmentId="c3a4b580-ecc4-4d69-9e64-f4e9abf07977">
            <con:authProfile>Inherit From Parent</con:authProfile>
          </con:entry>
          <con:entry environmentId="1c5befc7-2431-43ac-871b-0634d210ea0b">
            <con:authProfile>Inherit From Parent</con:authProfile>
          </con:entry>
          <con:entry environmentId="40616221-3f9c-4753-b281-39f5bafc4e2c">
            <con:authProfile>Inherit From Parent</con:authProfile>
          </con:entry>
        </con:environmentSpec>
      </con:restRequest>
    </con:config>
  </con:testStep><con:testStep type="groovy" name="Fetch_REQ_app/country/currency" id="d22c01bb-cf94-482b-bc59-6b023a7b1077">
    <con:settings/>
    <con:config><script>import java.io.*;
import java.util.*;
import com.eviware.soapui.model.testsuite.*;
import com.eviware.soapui.impl.wsdl.teststeps.assertions.*;
import org.apache.commons.lang3.StringUtils;


def ts = testRunner.testCase.getTestStepByName("cruiseSearch");
String  url =  ts.getHttpRequest().getResponse().getURL(); 
log.info(url)

String app = StringUtils.substringBetween(url, "header.application=", "&amp;");
log.info(app)
testRunner.testCase.setPropertyValue("application",app);


String country = StringUtils.substringBetween(url, "criteria.country=", "&amp;");
log.info(country)
testRunner.testCase.setPropertyValue("country",country);


String currency = StringUtils.substringBetween(url, "criteria.currency=", "&amp;");
log.info(currency)
testRunner.testCase.setPropertyValue("currency",currency);


String language = StringUtils.substringBetween(url, "header.language=", "&amp;");
log.info(language)
testRunner.testCase.setPropertyValue("language",language);</script></con:config>
  </con:testStep><con:testStep type="groovy" name="Fetch_RES_brand/ship/saildate/package" id="b3032d63-e6b7-4209-b02b-26682bebcf04">
    <con:settings/>
    <con:config><script>import java.io.*;
import java.util.*;
import com.eviware.soapui.model.testsuite.*;
import com.eviware.soapui.impl.wsdl.teststeps.assertions.*;


def ts = testRunner.testCase.getTestStepByName("cruiseSearch");
def res = new XmlSlurper().parseText(ts.getPropertyValue("ResponseAsXml"));

//Set Test Case Package Code
def packageCode = res.resultsByPackage.packageSummaryWithClassLevelPricing[0].packageReference.@code.text()
log.info(packageCode)
testRunner.testCase.setPropertyValue("packageCode",packageCode);


//Set Test Case Ship Code
def  shipCode= packageCode.substring(0,2);
log.info(shipCode)
testRunner.testCase.setPropertyValue("shipCode",shipCode);

//Set Test Case Sail Date
def sailDate = res.resultsByPackage.packageSummaryWithClassLevelPricing[0].cabinClassPriceBySailing[0].sailingRef.@saildate.text()
log.info(sailDate)
testRunner.testCase.setPropertyValue("sailDate",sailDate);

//Set Test Case Brand
def celebrityBrand = "C"
def royalBrand = "R"

def celebrityShips = ['AX', 'AT', 'BY', 'CS', 'EC', 'EG', 'EQ', 'FL', 'IN', 'ML', 'RF', 'SI', 'SL', 'SM', 'XP', 'XO']
def royalShips = ['AD', 'AL', 'AN', 'BR', 'NE', 'EN', 'EX', 'FR', 'GR', 'HM', 'IC', 'ID', 'JW', 'LB', 'MJ', 'MA', 'NV', 'NC', 'OA', 'OY', 'OV', 'QN', 'RD', 'RH', 'SR', 'SC', 'SY', 'WC', 'UT', 'VI', 'VY', 'WN']


if (celebrityShips.contains(shipCode)) {	
	testRunner.testCase.setPropertyValue("brand",celebrityBrand);
	} else {
		testRunner.testCase.setPropertyValue("brand",royalBrand);
		}</script></con:config>
  </con:testStep><con:testStep type="restrequest" name="retrieveAirports with bad brand" id="b558f583-a278-42ff-86d6-7d8596161696"><con:settings/><con:config service="ContentOperations" resourcePath="/airports" methodName="retrieveAirports" xsi:type="con:RestRequestStep" xmlns:xsi="http://www.w3.org/2001/XMLSchema-instance"><con:restRequest name="retrieveAirports with bad brand" id="ae8382da-fa70-41e8-b5a9-0ecdde4726db" mediaType="application/json"><con:settings><con:setting id="com.eviware.soapui.impl.wsdl.WsdlRequest@request-headers">&lt;con:entry key="AppKey" value="${#Project#AppKey}" xmlns:con="http://eviware.com/soapui/config"/></con:setting></con:settings><con:request/><con:originalUri>https://tst1-int.api.rccl.com/esl/content/tst2/rest/v3/airports</con:originalUri><con:assertion type="Valid HTTP Status Codes" id="b4624852-1358-4eb6-a8ae-a7dfda9bd792" name="Valid HTTP Status Codes"><con:settings/><con:configuration><codes>200</codes></con:configuration></con:assertion><con:assertion type="JsonPath Match" id="0d41aea5-e341-446e-991e-2f80aec651c4" name="Match content of [code]"><con:configuration><path>$['header']['error'][0]['code']</path><content>"CATL-005"</content><allowWildcards>false</allowWildcards><ignoreNamspaceDifferences>false</ignoreNamspaceDifferences><ignoreComments>false</ignoreComments></con:configuration></con:assertion><con:assertion type="JsonPath Match" id="428f0236-b551-4fa6-bcb2-e1a24484e4c9" name="Match content of [description]"><con:configuration><path>$['header']['error'][0]['description']</path><content>"Invalid brand. : rejectedValue=ZZ"</content><allowWildcards>false</allowWildcards><ignoreNamspaceDifferences>false</ignoreNamspaceDifferences><ignoreComments>false</ignoreComments></con:configuration></con:assertion><con:credentials><con:selectedAuthProfile>No Authorization</con:selectedAuthProfile><con:authType>No Authorization</con:authType></con:credentials><con:jmsConfig JMSDeliveryMode="PERSISTENT"/><con:parameters><con:entry key="header.language" value="${#TestCase#language}"/><con:entry key="header.application" value="${#TestCase#application}"/><con:entry key="city" value="Singapore"/><con:entry key="airSeaOnly" value="true"/><con:entry key="header.brand" value="ZZ"/></con:parameters><con:parameterOrder><con:entry>header.application</con:entry><con:entry>header.brand</con:entry><con:entry>header.language</con:entry><con:entry>city</con:entry><con:entry>airSeaOnly</con:entry></con:parameterOrder></con:restRequest></con:config></con:testStep><con:testStep type="restrequest" name="retrieveAirports with blank brand" id="04b4dab5-bca8-4f5d-85fe-a5bd1154790d"><con:settings/><con:config service="ContentOperations" resourcePath="/airports" methodName="retrieveAirports" xsi:type="con:RestRequestStep" xmlns:xsi="http://www.w3.org/2001/XMLSchema-instance"><con:restRequest name="retrieveAirports with blank brand" id="ae8382da-fa70-41e8-b5a9-0ecdde4726db" mediaType="application/json"><con:settings><con:setting id="com.eviware.soapui.impl.wsdl.WsdlRequest@request-headers">&lt;con:entry key="AppKey" value="${#Project#AppKey}" xmlns:con="http://eviware.com/soapui/config"/></con:setting></con:settings><con:request/><con:originalUri>https://tst1-int.api.rccl.com/esl/content/tst2/rest/v3/airports</con:originalUri><con:assertion type="Valid HTTP Status Codes" id="b4624852-1358-4eb6-a8ae-a7dfda9bd792" name="Valid HTTP Status Codes"><con:settings/><con:configuration><codes>200</codes></con:configuration></con:assertion><con:assertion type="JsonPath Match" id="9b1a77f5-3e36-4a7e-bd55-9ceb5ec27d03" name="Match content of [code]"><con:configuration><path>$['header']['error'][0]['code']</path><content>"ESL_NotBlankConditional"</content><allowWildcards>false</allowWildcards><ignoreNamspaceDifferences>false</ignoreNamspaceDifferences><ignoreComments>false</ignoreComments></con:configuration></con:assertion><con:assertion type="JsonPath Match" id="9551f64e-82d0-4163-bd26-19b54d906982" name="Match content of [description]"><con:configuration><path>$['header']['error'][0]['description']</path><content>"Value is required for brandCode"</content><allowWildcards>false</allowWildcards><ignoreNamspaceDifferences>false</ignoreNamspaceDifferences><ignoreComments>false</ignoreComments></con:configuration></con:assertion><con:credentials><con:selectedAuthProfile>No Authorization</con:selectedAuthProfile><con:authType>No Authorization</con:authType></con:credentials><con:jmsConfig JMSDeliveryMode="PERSISTENT"/><con:parameters><con:entry key="header.language" value="${#TestCase#language}"/><con:entry key="header.application" value="${#TestCase#application}"/><con:entry key="city" value="Singapore"/><con:entry key="airSeaOnly" value="true"/></con:parameters><con:parameterOrder><con:entry>header.application</con:entry><con:entry>header.brand</con:entry><con:entry>header.language</con:entry><con:entry>city</con:entry><con:entry>airSeaOnly</con:entry></con:parameterOrder></con:restRequest></con:config></con:testStep><con:properties><con:property><con:name>application</con:name><con:value>royalcaribbean.com</con:value></con:property><con:property><con:name>country</con:name><con:value>USA</con:value></con:property><con:property><con:name>currency</con:name><con:value>USD</con:value></con:property><con:property><con:name>language</con:name><con:value>en_us</con:value></con:property><con:property><con:name>packageCode</con:name><con:value>ALALTST2</con:value></con:property><con:property><con:name>shipCode</con:name><con:value>AL</con:value></con:property><con:property><con:name>sailDate</con:name><con:value>2023-06-04</con:value></con:property><con:property><con:name>brand</con:name><con:value>R</con:value></con:property></con:properties><con:reportParameters/></con:testCase>