<?xml version="1.0" encoding="UTF-8"?>
<con:loadUiTest name="Test LoadTest" id="5e30d300-7b7e-409c-8c76-c346b10ad19c" xmlns:con="http://eviware.com/soapui/config">
  <con:settings>
    <con:setting id="soapUIObjectSourceId">554eed01-7e65-49a6-b92c-9fa5aa64b791</con:setting>
    <con:setting id="soapUIObjectSourceType">soapUIObjectSourceType_TestCase</con:setting>
    <con:setting id="5e30d300-7b7e-409c-8c76-c346b10ad19cfileName">Test-LoadTest</con:setting>
  </con:settings>
  <con1:loadui-project id="5529c0aa-04bb-4983-8ec1-a8e53d20f1c4" label="Test LoadTest" xmlns:con1="http://eviware.com/loadui/config">
    <con1:properties>
      <con1:property propagates="true" key="ModelItem.description" type="java.lang.String"/>
      <con1:property propagates="true" key="CanvasItem.abortOnFinish" type="java.lang.Boolean">false</con1:property>
      <con1:property propagates="true" key="ModelItem.saveReport" type="java.lang.Boolean">false</con1:property>
      <con1:property propagates="true" key="ModelItem.reportFolder" type="java.lang.String"/>
      <con1:property propagates="true" key="ModelItem.reportFormat" type="java.lang.String"/>
      <con1:property propagates="true" key="Temporary project" type="java.lang.String"/>
      <con1:property propagates="true" key="ModelItem.rate" type="java.lang.Long">10</con1:property>
      <con1:property propagates="true" key="ModelItem.loadDistributionType" type="com.smartbear.load.facade.LoadDistributionType">PerScenario</con1:property>
      <con1:property propagates="true" key="ModelItem.remoteMode" type="java.lang.String"/>
      <con1:property propagates="true" key="ModelItem.id" type="java.lang.String">5e30d300-7b7e-409c-8c76-c346b10ad19c</con1:property>
    </con1:properties>
    <con1:attributes/>
    <con1:addons/>
    <con1:scene label="New Scenario" id="f68cd567-e000-4e5a-ba22-0ea80b92d1e2">
      <con1:properties>
        <con1:property propagates="true" key="ModelItem.description" type="java.lang.String"/>
        <con1:property propagates="true" key="CanvasItem.abortOnFinish" type="java.lang.Boolean">false</con1:property>
        <con1:property propagates="true" key="SceneItem.followProject" type="java.lang.Boolean">true</con1:property>
        <con1:property propagates="true" key="SceneItem.scenarioRatePercentage" type="java.lang.Long">100</con1:property>
        <con1:property propagates="true" key="SceneItem.scenarioRateSpecific" type="java.lang.Long">10</con1:property>
        <con1:property propagates="true" key="ModelItem.samplerOutputLevel" type="com.eviware.loadui.api.component.SoapUISamplerOutputLevel">TestCaseAndAllTestSteps</con1:property>
      </con1:properties>
      <con1:attributes/>
      <con1:addons/>
      <con1:component type="com.eviware.loadui.impl.component.IntervalComponent" label="Interval 1" id="3e1e5d6a-bc20-4c29-905d-1d856187d98b" category="Scheduler">
        <con1:properties>
          <con1:property propagates="true" key="ModelItem.description" type="java.lang.String"/>
          <con1:property propagates="true" key="stateProperty" type="java.lang.Boolean">true</con1:property>
          <con1:property propagates="true" key="startAt" type="java.lang.Long">0</con1:property>
          <con1:property propagates="true" key="duration" type="java.lang.Long">5</con1:property>
          <con1:property propagates="true" key="unit" type="java.lang.String">Sec</con1:property>
          <con1:property propagates="true" key="mode" type="java.lang.String">Single</con1:property>
          <con1:property propagates="true" key="defaultMode" type="java.lang.Boolean">true</con1:property>
        </con1:properties>
        <con1:attributes>
          <con1:property key="com.eviware.loadui.api.model.ComponentItem@type">Interval</con1:property>
        </con1:attributes>
        <con1:addons/>
      </con1:component>
      <con1:component type="com.eviware.loadui.impl.component.generators.FixedVU" label="Fixed Load 1" id="b0318bf4-13ad-485e-b10e-7390ad1b3ff4" category="Generators">
        <con1:properties>
          <con1:property propagates="true" key="ModelItem.description" type="java.lang.String"/>
          <con1:property propagates="true" key="stateProperty" type="java.lang.Boolean">true</con1:property>
          <con1:property propagates="true" key="limitVU" type="java.lang.Long">10</con1:property>
          <con1:property propagates="true" key="load" type="java.lang.Long">5</con1:property>
          <con1:property propagates="true" key="interval" type="java.lang.Long">1000</con1:property>
        </con1:properties>
        <con1:attributes>
          <con1:property key="com.eviware.loadui.api.model.ComponentItem@type">Fixed Load</con1:property>
        </con1:attributes>
        <con1:addons/>
      </con1:component>
      <con1:component type="com.eviware.loadui.components.soapui.SoapUISamplerComponent" label="Positive_TestSuite:createBooking_no CC" id="e7bf9f41-76d2-4a4b-814b-92b0f524052e" category="Runners">
        <con1:properties>
          <con1:property propagates="true" key="ModelItem.description" type="java.lang.String"/>
          <con1:property propagates="true" key="concurrentSamples" type="java.lang.Long">1000</con1:property>
          <con1:property propagates="true" key="property_name_is_not_relevant_for_private_property" type="java.lang.Long">9223372036854775807</con1:property>
          <con1:property propagates="true" key="maxQueueSize" type="java.lang.Long">1000</con1:property>
          <con1:property propagates="true" key="countDiscarded" type="java.lang.Boolean">false</con1:property>
          <con1:property propagates="true" key="disabledTestSteps" type="java.lang.String"/>
          <con1:property propagates="true" key="_thinkTime" type="java.lang.Long">0</con1:property>
          <con1:property propagates="true" key="ReadyApiTestCase" type="com.eviware.soapui.impl.wsdl.testcase.WsdlTestCase">e8cb1c9d-c2f8-4b02-8529-cac0fdb93d11</con1:property>
          <con1:property propagates="true" key="raiseError" type="java.lang.Boolean">true</con1:property>
          <con1:property propagates="true" key="outputTestCaseProperties" type="java.lang.Boolean">true</con1:property>
          <con1:property propagates="true" key="OutputLevel" type="java.lang.String">TestCase only</con1:property>
          <con1:property propagates="true" key="closeConnectionsAfterRequest" type="java.lang.Boolean">false</con1:property>
          <con1:property propagates="true" key="disableSoapuiAssertions" type="java.lang.Boolean">false</con1:property>
          <con1:property propagates="true" key="forceShareDatasources" type="java.lang.Boolean">true</con1:property>
        </con1:properties>
        <con1:attributes>
          <con1:property key="com.eviware.loadui.api.model.ComponentItem@type">Ready API TestCase Runner</con1:property>
        </con1:attributes>
        <con1:addons/>
      </con1:component>
      <con1:connection outputTerminalId="3e1e5d6a-bc20-4c29-905d-1d856187d98b/outgoingTerminal" inputTerminalId="b0318bf4-13ad-485e-b10e-7390ad1b3ff4/stateTerminal"/>
      <con1:connection outputTerminalId="b0318bf4-13ad-485e-b10e-7390ad1b3ff4/triggerTerminal" inputTerminalId="e7bf9f41-76d2-4a4b-814b-92b0f524052e/triggerTerminal"/>
      <con1:connection outputTerminalId="e7bf9f41-76d2-4a4b-814b-92b0f524052e/runningTerminal" inputTerminalId="b0318bf4-13ad-485e-b10e-7390ad1b3ff4/Sample Count"/>
    </con1:scene>
    <con1:statistics>
      <con1:page title="DefaultLoadUIStatisticPage"/>
    </con1:statistics>
  </con1:loadui-project>
  <con:loadUITestScenario projectId="5529c0aa-04bb-4983-8ec1-a8e53d20f1c4" scenarioId="f68cd567-e000-4e5a-ba22-0ea80b92d1e2" name="New Scenario" id="8438cd26-617f-4add-873e-d8e0582c1791">
    <con:settings/>
  </con:loadUITestScenario>
  <con:reportParameters/>
</con:loadUiTest>
