<?xml version="1.0" encoding="UTF-8"?>
<con:testCase id="2d5bb3fa-0213-4b37-8a00-720132002aff" discardOkResults="false" failOnError="false" failTestCaseOnErrors="true" keepSession="false" name="Test Case 1" searchProperties="true" timeout="0" xmlns:con="http://eviware.com/soapui/config">
  <con:settings>
    <con:setting id="2d5bb3fa-0213-4b37-8a00-720132002afffileName">Test-Case-1</con:setting>
  </con:settings>
  <con:testStep type="restrequest" name="REST Request" id="da383345-2fd8-47c5-b8ba-13fa4e5b0219">
    <con:settings/>
    <con:config service="Google" resourcePath="" methodName="Method 1" xsi:type="con:RestRequestStep" xmlns:xsi="http://www.w3.org/2001/XMLSchema-instance">
      <con:restRequest name="REST Request" id="b57c838f-3da7-4150-8496-95c63fa6baaa" mediaType="application/json">
        <con:settings>
          <con:setting id="com.eviware.soapui.impl.wsdl.WsdlRequest@request-headers">&lt;con:entry key="Authorization" value="${#Project#Authorization}" xmlns:con="http://eviware.com/soapui/config"/></con:setting>
        </con:settings>
        <con:request/>
        <con:originalUri>https://sheetdb.io/api/v1/2qakncmxaivve</con:originalUri>
        <con:assertion type="Valid HTTP Status Codes" id="df62b30e-d6dc-4ce7-8ed8-18fc5e378a49" name="Valid HTTP Status Codes">
          <con:settings/>
          <con:configuration>
            <codes>200</codes>
          </con:configuration>
        </con:assertion>
        <con:credentials>
          <con:selectedAuthProfile>No Authorization</con:selectedAuthProfile>
          <con:addedBasicAuthenticationTypes>Basic</con:addedBasicAuthenticationTypes>
          <con:authType>No Authorization</con:authType>
        </con:credentials>
        <con:jmsConfig JMSDeliveryMode="PERSISTENT"/>
        <con:parameters>
          <con:entry key="sheet" value="sailing"/>
        </con:parameters>
        <con:parameterOrder>
          <con:entry>sheet</con:entry>
        </con:parameterOrder>
        <con:environmentSpec>
          <con:entry environmentId="1e8db791-2cca-4d3a-9451-5c9a433740b4">
            <con:authProfile>No Authorization</con:authProfile>
          </con:entry>
          <con:entry environmentId="1c5befc7-2431-43ac-871b-0634d210ea0b">
            <con:authProfile>Inherit From Parent</con:authProfile>
          </con:entry>
          <con:entry environmentId="40616221-3f9c-4753-b281-39f5bafc4e2c">
            <con:authProfile>Inherit From Parent</con:authProfile>
          </con:entry>
        </con:environmentSpec>
      </con:restRequest>
    </con:config>
  </con:testStep>
  <con:properties/>
  <con:reportParameters/>
  <con:environmentSpec>
    <con:entry environmentId="40616221-3f9c-4753-b281-39f5bafc4e2c">
      <con:authProfile>Inherit From Parent</con:authProfile>
    </con:entry>
  </con:environmentSpec>
</con:testCase>
